<?xml version="1.0" encoding="UTF-8"?>
<!-- Generated by org.testng.reporters.JUnitXMLReporter -->
<testsuite ignored="0" hostname="DESKTOP-2LECONJ" failures="1" tests="8" name="Default test" time="19.983" errors="0" timestamp="2023-12-19T18:47:45 EST">
  <testcase classname="io.cucumber.testng.AbstractTestNGCucumberTests" name="runScenario" time="7.781"/>
  <testcase classname="io.cucumber.testng.AbstractTestNGCucumberTests" name="runScenario" time="3.713"/>
  <testcase classname="io.cucumber.testng.AbstractTestNGCucumberTests" name="runScenario" time="2.757">
    <failure type="java.lang.AssertionError" message="expected [New Account Created. You are logged in as Username] but found [Username:
Required. 150 characters or fewer. Letters, digits and @/./+/-/_ only. Password:
Your password can’t be too similar to your other personal information.
Your password must contain at least 8 characters.
Your password can’t be a commonly used password.
Your password can’t be entirely numeric.
Password confirmation:
Enter the same password as before, for verification.

If you already have an account, please Login instead!]">
      <![CDATA[java.lang.AssertionError: expected [New Account Created. You are logged in as Username] but found [Username:
Required. 150 characters or fewer. Letters, digits and @/./+/-/_ only. Password:
Your password can’t be too similar to your other personal information.
Your password must contain at least 8 characters.
Your password can’t be a commonly used password.
Your password can’t be entirely numeric.
Password confirmation:
Enter the same password as before, for verification.

If you already have an account, please Login instead!]
at org.testng.Assert.fail(Assert.java:111)
at org.testng.Assert.failNotEquals(Assert.java:1578)
at org.testng.Assert.assertEqualsImpl(Assert.java:150)
at org.testng.Assert.assertEquals(Assert.java:132)
at org.testng.Assert.assertEquals(Assert.java:656)
at org.testng.Assert.assertEquals(Assert.java:666)
at StepDefinition.Register.the_user_should_be_redirected_to_homepage_with_the_message(Register.java:139)
at ✽.The user should be redirected to Homepage with the message "New Account Created. You are logged in as Username"(file:///C:/Users/DELL/eclipse-workspace/Stunningninjas/src/test/resources/featurefiles/Register.feature:47)
]]>
    </failure>
  </testcase> <!-- runScenario -->
  <testcase classname="io.cucumber.testng.AbstractTestNGCucumberTests" name="runScenario" time="1.191"/>
  <testcase classname="io.cucumber.testng.AbstractTestNGCucumberTests" name="runScenario" time="0.457"/>
  <testcase classname="io.cucumber.testng.AbstractTestNGCucumberTests" name="runScenario" time="0.933"/>
  <testcase classname="io.cucumber.testng.AbstractTestNGCucumberTests" name="runScenario" time="0.75"/>
  <testcase classname="io.cucumber.testng.AbstractTestNGCucumberTests" name="runScenario" time="1.608"/>
</testsuite> <!-- Default test -->
