<?xml version="1.0" encoding="UTF-8"?>
<testng-results ignored="0" total="22" passed="21" failed="1" skipped="0">
  <reporter-output>
  </reporter-output>
  <suite started-at="2024-01-07T01:41:25 EST" name="Default suite" finished-at="2024-01-07T01:42:31 EST" duration-ms="65299">
    <groups>
      <group name="cucumber">
        <method signature="AbstractTestNGCucumberTests.runScenario(io.cucumber.testng.PickleWrapper,io.cucumber.testng.FeatureWrapper)[pri:0, instance:testrunner.TestRunner@5b12b668]" name="runScenario" class="io.cucumber.testng.AbstractTestNGCucumberTests"/>
      </group> <!-- cucumber -->
    </groups>
    <test started-at="2024-01-07T01:41:25 EST" name="Default test" finished-at="2024-01-07T01:42:31 EST" duration-ms="65299">
      <class name="testrunner.TestRunner">
        <test-method is-config="true" signature="setUpClass(org.testng.ITestContext)[pri:0, instance:testrunner.TestRunner@5b12b668]" started-at="2024-01-07T01:41:25 EST" name="setUpClass" finished-at="2024-01-07T01:41:26 EST" duration-ms="762" status="PASS">
          <params>
            <param index="0">
              <value>
                <![CDATA[org.testng.TestRunner@6c96346b]]>
              </value>
            </param>
          </params>
          <reporter-output>
          </reporter-output>
        </test-method> <!-- setUpClass -->
        <test-method signature="runScenario(io.cucumber.testng.PickleWrapper,io.cucumber.testng.FeatureWrapper)[pri:0, instance:testrunner.TestRunner@5b12b668]" started-at="2024-01-07T01:41:26 EST" name="runScenario" description="Runs Cucumber Scenarios" data-provider="scenarios" finished-at="2024-01-07T01:41:30 EST" duration-ms="4022" status="PASS">
          <params>
            <param index="0">
              <value>
                <![CDATA["Home page"]]>
              </value>
            </param>
            <param index="1">
              <value>
                <![CDATA["User opens Home page"]]>
              </value>
            </param>
          </params>
          <reporter-output>
          </reporter-output>
        </test-method> <!-- runScenario -->
        <test-method signature="runScenario(io.cucumber.testng.PickleWrapper,io.cucumber.testng.FeatureWrapper)[pri:0, instance:testrunner.TestRunner@5b12b668]" started-at="2024-01-07T01:41:30 EST" name="runScenario" description="Runs Cucumber Scenarios" data-provider="scenarios" finished-at="2024-01-07T01:41:33 EST" duration-ms="2907" status="FAIL">
          <params>
            <param index="0">
              <value>
                <![CDATA["User Registration"]]>
              </value>
            </param>
            <param index="1">
              <value>
                <![CDATA["The user opens Register Page"]]>
              </value>
            </param>
          </params>
          <exception class="java.lang.AssertionError">
            <message>
              <![CDATA[expected [New Account Created. You are logged in as Username] but found [Username:
Required. 150 characters or fewer. Letters, digits and @/./+/-/_ only. Password:
Your password can’t be too similar to your other personal information.
Your password must contain at least 8 characters.
Your password can’t be a commonly used password.
Your password can’t be entirely numeric.
Password confirmation:
Enter the same password as before, for verification.

If you already have an account, please Login instead!]]]>
            </message>
            <full-stacktrace>
              <![CDATA[java.lang.AssertionError: expected [New Account Created. You are logged in as Username] but found [Username:
Required. 150 characters or fewer. Letters, digits and @/./+/-/_ only. Password:
Your password can’t be too similar to your other personal information.
Your password must contain at least 8 characters.
Your password can’t be a commonly used password.
Your password can’t be entirely numeric.
Password confirmation:
Enter the same password as before, for verification.

If you already have an account, please Login instead!]
at org.testng.Assert.fail(Assert.java:111)
at org.testng.Assert.failNotEquals(Assert.java:1578)
at org.testng.Assert.assertEqualsImpl(Assert.java:150)
at org.testng.Assert.assertEquals(Assert.java:132)
at org.testng.Assert.assertEquals(Assert.java:656)
at org.testng.Assert.assertEquals(Assert.java:666)
at StepDefinition.Register.the_user_should_be_redirected_to_homepage_with_the_message(Register.java:139)
at ✽.The user should be redirected to Homepage with the message "New Account Created. You are logged in as Username"(file:///C:/Users/DELL/eclipse-workspace/Stunningninjas/src/test/resources/featurefiles/02Register.feature:47)
]]>
            </full-stacktrace>
          </exception> <!-- java.lang.AssertionError -->
          <reporter-output>
          </reporter-output>
        </test-method> <!-- runScenario -->
        <test-method signature="runScenario(io.cucumber.testng.PickleWrapper,io.cucumber.testng.FeatureWrapper)[pri:0, instance:testrunner.TestRunner@5b12b668]" started-at="2024-01-07T01:41:33 EST" name="runScenario" description="Runs Cucumber Scenarios" data-provider="scenarios" finished-at="2024-01-07T01:41:34 EST" duration-ms="1275" status="PASS">
          <params>
            <param index="0">
              <value>
                <![CDATA["Sign in to portal"]]>
              </value>
            </param>
            <param index="1">
              <value>
                <![CDATA["Sign in Feature"]]>
              </value>
            </param>
          </params>
          <reporter-output>
          </reporter-output>
        </test-method> <!-- runScenario -->
        <test-method signature="runScenario(io.cucumber.testng.PickleWrapper,io.cucumber.testng.FeatureWrapper)[pri:0, instance:testrunner.TestRunner@5b12b668]" started-at="2024-01-07T01:41:34 EST" name="runScenario" description="Runs Cucumber Scenarios" data-provider="scenarios" finished-at="2024-01-07T01:41:35 EST" duration-ms="496" status="PASS">
          <params>
            <param index="0">
              <value>
                <![CDATA["Sign in to portal"]]>
              </value>
            </param>
            <param index="1">
              <value>
                <![CDATA["Sign in Feature"]]>
              </value>
            </param>
          </params>
          <reporter-output>
          </reporter-output>
        </test-method> <!-- runScenario -->
        <test-method signature="runScenario(io.cucumber.testng.PickleWrapper,io.cucumber.testng.FeatureWrapper)[pri:0, instance:testrunner.TestRunner@5b12b668]" started-at="2024-01-07T01:41:35 EST" name="runScenario" description="Runs Cucumber Scenarios" data-provider="scenarios" finished-at="2024-01-07T01:41:36 EST" duration-ms="719" status="PASS">
          <params>
            <param index="0">
              <value>
                <![CDATA["Sign in to portal"]]>
              </value>
            </param>
            <param index="1">
              <value>
                <![CDATA["Sign in Feature"]]>
              </value>
            </param>
          </params>
          <reporter-output>
          </reporter-output>
        </test-method> <!-- runScenario -->
        <test-method signature="runScenario(io.cucumber.testng.PickleWrapper,io.cucumber.testng.FeatureWrapper)[pri:0, instance:testrunner.TestRunner@5b12b668]" started-at="2024-01-07T01:41:36 EST" name="runScenario" description="Runs Cucumber Scenarios" data-provider="scenarios" finished-at="2024-01-07T01:41:36 EST" duration-ms="611" status="PASS">
          <params>
            <param index="0">
              <value>
                <![CDATA["Sign in to portal"]]>
              </value>
            </param>
            <param index="1">
              <value>
                <![CDATA["Sign in Feature"]]>
              </value>
            </param>
          </params>
          <reporter-output>
          </reporter-output>
        </test-method> <!-- runScenario -->
        <test-method signature="runScenario(io.cucumber.testng.PickleWrapper,io.cucumber.testng.FeatureWrapper)[pri:0, instance:testrunner.TestRunner@5b12b668]" started-at="2024-01-07T01:41:36 EST" name="runScenario" description="Runs Cucumber Scenarios" data-provider="scenarios" finished-at="2024-01-07T01:41:37 EST" duration-ms="988" status="PASS">
          <params>
            <param index="0">
              <value>
                <![CDATA["Sign in to portal"]]>
              </value>
            </param>
            <param index="1">
              <value>
                <![CDATA["Sign in Feature"]]>
              </value>
            </param>
          </params>
          <reporter-output>
          </reporter-output>
        </test-method> <!-- runScenario -->
        <test-method signature="runScenario(io.cucumber.testng.PickleWrapper,io.cucumber.testng.FeatureWrapper)[pri:0, instance:testrunner.TestRunner@5b12b668]" started-at="2024-01-07T01:41:37 EST" name="runScenario" description="Runs Cucumber Scenarios" data-provider="scenarios" finished-at="2024-01-07T01:41:41 EST" duration-ms="3625" status="PASS">
          <params>
            <param index="0">
              <value>
                <![CDATA["DataStructures"]]>
              </value>
            </param>
            <param index="1">
              <value>
                <![CDATA["DataStructures"]]>
              </value>
            </param>
          </params>
          <reporter-output>
          </reporter-output>
        </test-method> <!-- runScenario -->
        <test-method signature="runScenario(io.cucumber.testng.PickleWrapper,io.cucumber.testng.FeatureWrapper)[pri:0, instance:testrunner.TestRunner@5b12b668]" started-at="2024-01-07T01:41:41 EST" name="runScenario" description="Runs Cucumber Scenarios" data-provider="scenarios" finished-at="2024-01-07T01:41:43 EST" duration-ms="1752" status="PASS">
          <params>
            <param index="0">
              <value>
                <![CDATA["Clicking the graph button"]]>
              </value>
            </param>
            <param index="1">
              <value>
                <![CDATA["Testing Graph data Structure"]]>
              </value>
            </param>
          </params>
          <reporter-output>
          </reporter-output>
        </test-method> <!-- runScenario -->
        <test-method signature="runScenario(io.cucumber.testng.PickleWrapper,io.cucumber.testng.FeatureWrapper)[pri:0, instance:testrunner.TestRunner@5b12b668]" started-at="2024-01-07T01:41:43 EST" name="runScenario" description="Runs Cucumber Scenarios" data-provider="scenarios" finished-at="2024-01-07T01:41:45 EST" duration-ms="1966" status="PASS">
          <params>
            <param index="0">
              <value>
                <![CDATA["Clicking the graph representation button"]]>
              </value>
            </param>
            <param index="1">
              <value>
                <![CDATA["Testing Graph data Structure"]]>
              </value>
            </param>
          </params>
          <reporter-output>
          </reporter-output>
        </test-method> <!-- runScenario -->
        <test-method signature="runScenario(io.cucumber.testng.PickleWrapper,io.cucumber.testng.FeatureWrapper)[pri:0, instance:testrunner.TestRunner@5b12b668]" started-at="2024-01-07T01:41:45 EST" name="runScenario" description="Runs Cucumber Scenarios" data-provider="scenarios" finished-at="2024-01-07T01:42:00 EST" duration-ms="15098" status="PASS">
          <params>
            <param index="0">
              <value>
                <![CDATA["Clicking the Tree button"]]>
              </value>
            </param>
            <param index="1">
              <value>
                <![CDATA["Testing Tree data Structure"]]>
              </value>
            </param>
          </params>
          <reporter-output>
          </reporter-output>
        </test-method> <!-- runScenario -->
        <test-method signature="runScenario(io.cucumber.testng.PickleWrapper,io.cucumber.testng.FeatureWrapper)[pri:0, instance:testrunner.TestRunner@5b12b668]" started-at="2024-01-07T01:42:00 EST" name="runScenario" description="Runs Cucumber Scenarios" data-provider="scenarios" finished-at="2024-01-07T01:42:01 EST" duration-ms="1645" status="PASS">
          <params>
            <param index="0">
              <value>
                <![CDATA["Learning Operations in Stack"]]>
              </value>
            </param>
            <param index="1">
              <value>
                <![CDATA["Testing Stack Data Structure"]]>
              </value>
            </param>
          </params>
          <reporter-output>
          </reporter-output>
        </test-method> <!-- runScenario -->
        <test-method signature="runScenario(io.cucumber.testng.PickleWrapper,io.cucumber.testng.FeatureWrapper)[pri:0, instance:testrunner.TestRunner@5b12b668]" started-at="2024-01-07T01:42:01 EST" name="runScenario" description="Runs Cucumber Scenarios" data-provider="scenarios" finished-at="2024-01-07T01:42:02 EST" duration-ms="747" status="PASS">
          <params>
            <param index="0">
              <value>
                <![CDATA["Learning Implementations in Stack"]]>
              </value>
            </param>
            <param index="1">
              <value>
                <![CDATA["Testing Stack Data Structure"]]>
              </value>
            </param>
          </params>
          <reporter-output>
          </reporter-output>
        </test-method> <!-- runScenario -->
        <test-method signature="runScenario(io.cucumber.testng.PickleWrapper,io.cucumber.testng.FeatureWrapper)[pri:0, instance:testrunner.TestRunner@5b12b668]" started-at="2024-01-07T01:42:02 EST" name="runScenario" description="Runs Cucumber Scenarios" data-provider="scenarios" finished-at="2024-01-07T01:42:03 EST" duration-ms="857" status="PASS">
          <params>
            <param index="0">
              <value>
                <![CDATA["Learning Applications in Stack"]]>
              </value>
            </param>
            <param index="1">
              <value>
                <![CDATA["Testing Stack Data Structure"]]>
              </value>
            </param>
          </params>
          <reporter-output>
          </reporter-output>
        </test-method> <!-- runScenario -->
        <test-method signature="runScenario(io.cucumber.testng.PickleWrapper,io.cucumber.testng.FeatureWrapper)[pri:0, instance:testrunner.TestRunner@5b12b668]" started-at="2024-01-07T01:42:03 EST" name="runScenario" description="Runs Cucumber Scenarios" data-provider="scenarios" finished-at="2024-01-07T01:42:04 EST" duration-ms="911" status="PASS">
          <params>
            <param index="0">
              <value>
                <![CDATA["Side Links"]]>
              </value>
            </param>
            <param index="1">
              <value>
                <![CDATA["Testing Stack Data Structure"]]>
              </value>
            </param>
          </params>
          <reporter-output>
          </reporter-output>
        </test-method> <!-- runScenario -->
        <test-method signature="runScenario(io.cucumber.testng.PickleWrapper,io.cucumber.testng.FeatureWrapper)[pri:0, instance:testrunner.TestRunner@5b12b668]" started-at="2024-01-07T01:42:04 EST" name="runScenario" description="Runs Cucumber Scenarios" data-provider="scenarios" finished-at="2024-01-07T01:42:05 EST" duration-ms="1700" status="PASS">
          <params>
            <param index="0">
              <value>
                <![CDATA["Learning Implementation of Queue in Python"]]>
              </value>
            </param>
            <param index="1">
              <value>
                <![CDATA["Testing Queue Data Structure"]]>
              </value>
            </param>
          </params>
          <reporter-output>
          </reporter-output>
        </test-method> <!-- runScenario -->
        <test-method signature="runScenario(io.cucumber.testng.PickleWrapper,io.cucumber.testng.FeatureWrapper)[pri:0, instance:testrunner.TestRunner@5b12b668]" started-at="2024-01-07T01:42:05 EST" name="runScenario" description="Runs Cucumber Scenarios" data-provider="scenarios" finished-at="2024-01-07T01:42:06 EST" duration-ms="912" status="PASS">
          <params>
            <param index="0">
              <value>
                <![CDATA["Learning Implementation using collections.deque"]]>
              </value>
            </param>
            <param index="1">
              <value>
                <![CDATA["Testing Queue Data Structure"]]>
              </value>
            </param>
          </params>
          <reporter-output>
          </reporter-output>
        </test-method> <!-- runScenario -->
        <test-method signature="runScenario(io.cucumber.testng.PickleWrapper,io.cucumber.testng.FeatureWrapper)[pri:0, instance:testrunner.TestRunner@5b12b668]" started-at="2024-01-07T01:42:06 EST" name="runScenario" description="Runs Cucumber Scenarios" data-provider="scenarios" finished-at="2024-01-07T01:42:07 EST" duration-ms="917" status="PASS">
          <params>
            <param index="0">
              <value>
                <![CDATA["Learning Implementation using Array"]]>
              </value>
            </param>
            <param index="1">
              <value>
                <![CDATA["Testing Queue Data Structure"]]>
              </value>
            </param>
          </params>
          <reporter-output>
          </reporter-output>
        </test-method> <!-- runScenario -->
        <test-method signature="runScenario(io.cucumber.testng.PickleWrapper,io.cucumber.testng.FeatureWrapper)[pri:0, instance:testrunner.TestRunner@5b12b668]" started-at="2024-01-07T01:42:07 EST" name="runScenario" description="Runs Cucumber Scenarios" data-provider="scenarios" finished-at="2024-01-07T01:42:08 EST" duration-ms="948" status="PASS">
          <params>
            <param index="0">
              <value>
                <![CDATA["Learning Queue Operations"]]>
              </value>
            </param>
            <param index="1">
              <value>
                <![CDATA["Testing Queue Data Structure"]]>
              </value>
            </param>
          </params>
          <reporter-output>
          </reporter-output>
        </test-method> <!-- runScenario -->
        <test-method signature="runScenario(io.cucumber.testng.PickleWrapper,io.cucumber.testng.FeatureWrapper)[pri:0, instance:testrunner.TestRunner@5b12b668]" started-at="2024-01-07T01:42:08 EST" name="runScenario" description="Runs Cucumber Scenarios" data-provider="scenarios" finished-at="2024-01-07T01:42:09 EST" duration-ms="1082" status="PASS">
          <params>
            <param index="0">
              <value>
                <![CDATA["Side Links"]]>
              </value>
            </param>
            <param index="1">
              <value>
                <![CDATA["Testing Queue Data Structure"]]>
              </value>
            </param>
          </params>
          <reporter-output>
          </reporter-output>
        </test-method> <!-- runScenario -->
        <test-method signature="runScenario(io.cucumber.testng.PickleWrapper,io.cucumber.testng.FeatureWrapper)[pri:0, instance:testrunner.TestRunner@5b12b668]" started-at="2024-01-07T01:42:09 EST" name="runScenario" description="Runs Cucumber Scenarios" data-provider="scenarios" finished-at="2024-01-07T01:42:17 EST" duration-ms="7789" status="PASS">
          <params>
            <param index="0">
              <value>
                <![CDATA["Arrays"]]>
              </value>
            </param>
            <param index="1">
              <value>
                <![CDATA["Testing Array Page"]]>
              </value>
            </param>
          </params>
          <reporter-output>
          </reporter-output>
        </test-method> <!-- runScenario -->
        <test-method signature="runScenario(io.cucumber.testng.PickleWrapper,io.cucumber.testng.FeatureWrapper)[pri:0, instance:testrunner.TestRunner@5b12b668]" started-at="2024-01-07T01:42:17 EST" name="runScenario" description="Runs Cucumber Scenarios" data-provider="scenarios" finished-at="2024-01-07T01:42:28 EST" duration-ms="10776" status="PASS">
          <params>
            <param index="0">
              <value>
                <![CDATA["Linked List Data Structure"]]>
              </value>
            </param>
            <param index="1">
              <value>
                <![CDATA["Testing Linked List Page"]]>
              </value>
            </param>
          </params>
          <reporter-output>
          </reporter-output>
        </test-method> <!-- runScenario -->
        <test-method is-config="true" signature="tearDownClass()[pri:0, instance:testrunner.TestRunner@5b12b668]" started-at="2024-01-07T01:42:28 EST" name="tearDownClass" finished-at="2024-01-07T01:42:31 EST" duration-ms="2688" status="PASS">
          <reporter-output>
          </reporter-output>
        </test-method> <!-- tearDownClass -->
      </class> <!-- testrunner.TestRunner -->
    </test> <!-- Default test -->
  </suite> <!-- Default suite -->
</testng-results>
